flappyMan/android/build/outputs/mapping/release/seeds.txt
com.badlogic.gdx.graphics.Mesh: Mesh(com.badlogic.gdx.graphics.Mesh$VertexDataType,boolean,int,int,com.badlogic.gdx.graphics.VertexAttribute[])
com.badlogic.gdx.graphics.g2d.SpriteBatch: void begin()
com.badlogic.gdx.graphics.glutils.ETC1: com.badlogic.gdx.graphics.Pixmap decodeImage(com.badlogic.gdx.graphics.glutils.ETC1$ETC1Data,com.badlogic.gdx.graphics.Pixmap$Format)
com.badlogic.gdx.graphics.g2d.BitmapFont$BitmapFontData: java.lang.String toString()
com.badlogic.gdx.utils.Array: void add(java.lang.Object)
com.badlogic.gdx.backends.android.DefaultAndroidInput: DefaultAndroidInput(com.badlogic.gdx.Application,android.content.Context,java.lang.Object,com.badlogic.gdx.backends.android.AndroidApplicationConfiguration)
com.badlogic.gdx.graphics.glutils.IndexBufferObjectSubData: void invalidate()
com.badlogic.gdx.backends.android.AndroidGL30: void glGenVertexArrays(int,java.nio.IntBuffer)
com.badlogic.gdx.graphics.g2d.TextureRegion: int getRegionX()
com.badlogic.gdx.utils.Pool: void reset(java.lang.Object)
com.badlogic.gdx.backends.android.AndroidApplication: void onPause()
com.badlogic.gdx.graphics.OrthographicCamera: void update(boolean)
com.badlogic.gdx.utils.reflect.ReflectionException: ReflectionException(java.lang.String,java.lang.Throwable)
com.badlogic.gdx.graphics.glutils.ETC1TextureData: int getHeight()
com.badlogic.gdx.graphics.Texture$1: Texture$1(int)
com.badlogic.gdx.math.Matrix4: com.badlogic.gdx.math.Matrix4 mul(com.badlogic.gdx.math.Matrix4)
com.badlogic.gdx.backends.android.AndroidApplication: android.widget.FrameLayout$LayoutParams createLayoutParams()
com.mygdx.game.states.PlayState: void updateGround()
com.badlogic.gdx.utils.StreamUtils: void closeQuietly(java.io.Closeable)
com.badlogic.gdx.utils.BufferUtils: java.nio.IntBuffer newIntBuffer(int)
com.badlogic.gdx.backends.android.surfaceview.GdxEglConfigChooser: GdxEglConfigChooser(int,int,int,int,int,int,int)
com.badlogic.gdx.math.RandomXS128: void setSeed(long)
com.badlogic.gdx.graphics.glutils.IndexArray: int getNumMaxIndices()
com.badlogic.gdx.graphics.g2d.SpriteBatch: void draw(com.badlogic.gdx.graphics.Texture,float,float,float,float)
com.badlogic.gdx.backends.android.AndroidGraphics: void logConfig(javax.microedition.khronos.egl.EGLConfig)
com.badlogic.gdx.graphics.TextureData$TextureDataType: com.badlogic.gdx.graphics.TextureData$TextureDataType valueOf(java.lang.String)
com.badlogic.gdx.backends.android.AndroidGraphics: int getAttrib(javax.microedition.khronos.egl.EGL10,javax.microedition.khronos.egl.EGLDisplay,javax.microedition.khronos.egl.EGLConfig,int,int)
com.badlogic.gdx.graphics.OrthographicCamera: void setToOrtho(boolean,float,float)
com.badlogic.gdx.graphics.glutils.ETC1TextureData: boolean disposePixmap()
com.badlogic.gdx.backends.android.AndroidApplication: android.content.Context getContext()
com.badlogic.gdx.graphics.g2d.BitmapFontCache: void draw(com.badlogic.gdx.graphics.g2d.Batch)
com.badlogic.gdx.math.Vector3: Vector3()
com.badlogic.gdx.backends.android.AndroidZipFileHandle: android.content.res.AssetFileDescriptor getAssetFileDescriptor()
com.badlogic.gdx.graphics.Texture: Texture(com.badlogic.gdx.graphics.TextureData)
com.badlogic.gdx.backends.android.DefaultAndroidInput: int getFreePointerIndex()
com.badlogic.gdx.graphics.g2d.BitmapFont: void dispose()
com.badlogic.gdx.AbstractInput: AbstractInput()
com.mygdx.game.states.PlayState: PlayState(com.mygdx.game.states.GameStateManager)
com.badlogic.gdx.backends.android.AndroidGL30: void glDrawArraysInstanced(int,int,int,int)
com.badlogic.gdx.graphics.g2d.Gdx2DPixmap: void setBlend(int)
com.badlogic.gdx.backends.android.AndroidSound: long play(float)
com.badlogic.gdx.graphics.glutils.VertexBufferObject: VertexBufferObject(boolean,int,com.badlogic.gdx.graphics.VertexAttributes)
com.badlogic.gdx.graphics.g2d.BitmapFont: com.badlogic.gdx.graphics.g2d.BitmapFontCache newFontCache()
com.badlogic.gdx.math.Plane: java.lang.String toString()