flappyMan/android/build/outputs/mapping/release/mapping.txt
# compiler: R8
# compiler_version: 2.2.66
# min_api: 14
# pg_map_id: ff4b6dd
# common_typos_disable
...
com.badlogic.gdx.graphics.TextureData -> a.a.a.s.p:
    void prepare() -> a
    int getWidth() -> b
    int getHeight() -> c
    boolean isManaged() -> d
    boolean isPrepared() -> e
    com.badlogic.gdx.graphics.TextureData$TextureDataType getType() -> f
    void consumeCustomData(int) -> h
    boolean disposePixmap() -> i
    com.badlogic.gdx.graphics.Pixmap consumePixmap() -> j
    com.badlogic.gdx.graphics.Pixmap$Format getFormat() -> k
    boolean useMipMaps() -> l
com.badlogic.gdx.graphics.TextureData$Factory -> a.a.a.s.p$a:
    com.badlogic.gdx.graphics.TextureData loadFromFile(com.badlogic.gdx.files.FileHandle,com.badlogic.gdx.graphics.Pixmap$Format,boolean) -> a
com.badlogic.gdx.graphics.TextureData$TextureDataType -> a.a.a.s.p$b:
    com.badlogic.gdx.graphics.TextureData$TextureDataType[] $VALUES -> c
    com.badlogic.gdx.graphics.TextureData$TextureDataType Pixmap -> a
    com.badlogic.gdx.graphics.TextureData$TextureDataType Custom -> b
com.badlogic.gdx.graphics.VertexAttribute -> a.a.a.s.q:
    java.lang.String alias -> f
    int usageIndex -> h
    int unit -> g
    int type -> d
    int offset -> e
    int numComponents -> b
    boolean normalized -> c
    int usage -> a
    boolean equals(com.badlogic.gdx.graphics.VertexAttribute) -> a
    int getKey() -> b
    int getSizeInBytes() -> c
com.badlogic.gdx.graphics.VertexAttributes -> a.a.a.s.r:
    com.badlogic.gdx.graphics.VertexAttributes$ReadonlyIterable iterable -> d
    long mask -> c
    int vertexSize -> b
    com.badlogic.gdx.graphics.VertexAttribute[] attributes -> a
    int calculateOffsets() -> a
    int compareTo(com.badlogic.gdx.graphics.VertexAttributes) -> b
    com.badlogic.gdx.graphics.VertexAttribute get(int) -> c
    long getMask() -> d
    int size() -> e
com.badlogic.gdx.graphics.VertexAttributes$ReadonlyIterable -> a.a.a.s.r$a:
    java.lang.Object[] array -> a
    com.badlogic.gdx.graphics.VertexAttributes$ReadonlyIterator iterator2 -> c
    com.badlogic.gdx.graphics.VertexAttributes$ReadonlyIterator iterator1 -> b
com.badlogic.gdx.graphics.VertexAttributes$ReadonlyIterator -> a.a.a.s.r$b:
    java.lang.Object[] array -> a
    int index -> b
    boolean valid -> c
com.badlogic.gdx.graphics.g2d.Batch -> com.badlogic.gdx.graphics.g2d.a:
    void draw(com.badlogic.gdx.graphics.Texture,float[],int,int) -> g
com.badlogic.gdx.graphics.g2d.BitmapFont -> com.badlogic.gdx.graphics.g2d.b:
    com.badlogic.gdx.graphics.g2d.BitmapFontCache cache -> c
    com.badlogic.gdx.graphics.g2d.BitmapFont$BitmapFontData data -> a
    boolean integer -> e
    boolean ownsTexture -> f
    com.badlogic.gdx.utils.Array regions -> b
    boolean flipped -> d
    void dispose() -> a
    com.badlogic.gdx.graphics.g2d.GlyphLayout draw(com.badlogic.gdx.graphics.g2d.Batch,java.lang.CharSequence,float,float) -> k
    com.badlogic.gdx.graphics.g2d.TextureRegion getRegion() -> n
    com.badlogic.gdx.utils.Array getRegions() -> x
    void load(com.badlogic.gdx.graphics.g2d.BitmapFont$BitmapFontData) -> y
    com.badlogic.gdx.graphics.g2d.BitmapFontCache newFontCache() -> z