flappyMan/android/build/outputs/mapping/release/usage.txt
com.badlogic.gdx.math.GeometryUtils
com.badlogic.gdx.math.GridPoint2
com.badlogic.gdx.math.GridPoint3
com.badlogic.gdx.math.Interpolation$10
com.badlogic.gdx.math.Interpolation$11
com.badlogic.gdx.math.Interpolation$12
com.badlogic.gdx.math.Interpolation$13
com.badlogic.gdx.math.Interpolation$14
com.badlogic.gdx.math.Interpolation$1
com.badlogic.gdx.math.Interpolation$2
com.badlogic.gdx.math.Interpolation$3
com.badlogic.gdx.math.Interpolation$4
com.badlogic.gdx.math.Interpolation$5
com.badlogic.gdx.math.Interpolation$6
com.badlogic.gdx.math.Interpolation$7
com.badlogic.gdx.math.Interpolation$8
com.badlogic.gdx.math.Interpolation$9
com.badlogic.gdx.math.Interpolation$Bounce
com.badlogic.gdx.math.Interpolation$BounceIn
com.badlogic.gdx.math.Interpolation$BounceOut
com.badlogic.gdx.math.Interpolation$Elastic
com.badlogic.gdx.math.Interpolation$ElasticIn
com.badlogic.gdx.math.Interpolation$ElasticOut
com.badlogic.gdx.math.Interpolation$Exp
com.badlogic.gdx.math.Interpolation$ExpIn
com.badlogic.gdx.math.Interpolation$ExpOut
com.badlogic.gdx.math.Interpolation$Pow
com.badlogic.gdx.math.Interpolation$PowIn
com.badlogic.gdx.math.Interpolation$PowOut
com.badlogic.gdx.math.Interpolation$Swing
com.badlogic.gdx.math.Interpolation$SwingIn
com.badlogic.gdx.math.Interpolation$SwingOut
com.badlogic.gdx.math.Interpolation
com.badlogic.gdx.math.Intersector$MinimumTranslationVector
com.badlogic.gdx.math.Intersector$SplitTriangle
com.badlogic.gdx.math.Intersector
com.badlogic.gdx.math.MathUtils$Sin
com.badlogic.gdx.math.MathUtils:
    private static final double BIG_ENOUGH_CEIL
    private static final double BIG_ENOUGH_FLOOR
    private static final int BIG_ENOUGH_INT
    private static final double BIG_ENOUGH_ROUND
    private static final double CEIL
    public static final float E
    public static final float FLOAT_ROUNDING_ERROR
    public static final float HALF_PI
    public static final float PI
    public static final float PI2
    private static final int SIN_BITS
    private static final int SIN_COUNT
    private static final int SIN_MASK
    private static final float degFull
    public static final float degRad
    private static final float degToIndex
    public static final float degreesToRadians
    public static final float nanoToSec
    public static final float radDeg
    private static final float radFull
    private static final float radToIndex
    public static final float radiansToDegrees
    private void <init>()
    public static float acos(float)
    public static float asin(float)
    public static float atan2(float,float)
    public static int ceil(float)
    public static int ceilPositive(float)
    public static double clamp(double,double,double)
    public static float clamp(float,float,float)
    public static int clamp(int,int,int)
    public static long clamp(long,long,long)
    public static short clamp(short,short,short)
    public static float cos(float)
    public static float cosDeg(float)
com.badlogic.gdx.math.Matrix3